<?xml version="1.0" encoding="UTF-8"?>
<testng-results ignored="0" total="2" passed="2" failed="0" skipped="0">
  <reporter-output>
  </reporter-output>
  <suite started-at="2023-03-13T16:21:48 MST" name="Default suite" finished-at="2023-03-13T16:21:55 MST" duration-ms="6170">
    <groups>
    </groups>
    <test started-at="2023-03-13T16:21:48 MST" name="Default test" finished-at="2023-03-13T16:21:55 MST" duration-ms="6170">
      <class name="Section11.L17_TestClass">
        <test-method is-config="true" signature="setup()[pri:0, instance:Section11.L17_TestClass@68567e20]" started-at="2023-03-13T16:21:43 MST" name="setup" finished-at="2023-03-13T16:21:48 MST" duration-ms="5785" status="PASS">
          <reporter-output>
          </reporter-output>
        </test-method> <!-- setup -->
        <test-method signature="enterEmail()[pri:0, instance:Section11.L17_TestClass@68567e20]" started-at="2023-03-13T16:21:48 MST" name="enterEmail" finished-at="2023-03-13T16:21:51 MST" duration-ms="3078" status="PASS">
          <reporter-output>
          </reporter-output>
        </test-method> <!-- enterEmail -->
        <test-method signature="enterPassword()[pri:0, instance:Section11.L17_TestClass@68567e20]" started-at="2023-03-13T16:21:51 MST" name="enterPassword" finished-at="2023-03-13T16:21:55 MST" duration-ms="3072" status="PASS">
          <reporter-output>
          </reporter-output>
        </test-method> <!-- enterPassword -->
      </class> <!-- Section11.L17_TestClass -->
    </test> <!-- Default test -->
  </suite> <!-- Default suite -->
</testng-results>
